-------------------------------------------------------------------------------
Test set: org.satishg.camel.example.routes.SampleMessageRouterTest
-------------------------------------------------------------------------------
Tests run: 1, Failures: 0, Errors: 1, Skipped: 0, Time elapsed: 0.524 sec <<< FAILURE!
test(org.satishg.camel.example.routes.SampleMessageRouterTest)  Time elapsed: 0.382 sec  <<< ERROR!
java.lang.IllegalArgumentException: connectionFactory must be specified
	at org.apache.camel.util.ObjectHelper.notNull(ObjectHelper.java:293)
	at org.apache.camel.component.jms.JmsConfiguration.createConnectionFactory(JmsConfiguration.java:1126)
	at org.apache.camel.component.jms.JmsConfiguration.getConnectionFactory(JmsConfiguration.java:480)
	at org.apache.camel.component.jms.JmsConfiguration.createListenerConnectionFactory(JmsConfiguration.java:1135)
	at org.apache.camel.component.jms.JmsConfiguration.getListenerConnectionFactory(JmsConfiguration.java:499)
	at org.apache.camel.component.jms.JmsConfiguration.configureMessageListenerContainer(JmsConfiguration.java:962)
	at org.apache.camel.component.jms.JmsConfiguration.createMessageListenerContainer(JmsConfiguration.java:443)
	at org.apache.camel.component.jms.JmsEndpoint.createMessageListenerContainer(JmsEndpoint.java:165)
	at org.apache.camel.component.jms.JmsEndpoint.createConsumer(JmsEndpoint.java:160)
	at org.apache.camel.component.jms.JmsEndpoint.createConsumer(JmsEndpoint.java:70)
	at org.apache.camel.impl.EventDrivenConsumerRoute.addServices(EventDrivenConsumerRoute.java:65)
	at org.apache.camel.impl.DefaultRoute.onStartingServices(DefaultRoute.java:85)
	at org.apache.camel.impl.RouteService.warmUp(RouteService.java:158)
	at org.apache.camel.impl.DefaultCamelContext.doWarmUpRoutes(DefaultCamelContext.java:3090)
	at org.apache.camel.impl.DefaultCamelContext.safelyStartRouteServices(DefaultCamelContext.java:3020)
	at org.apache.camel.impl.DefaultCamelContext.doStartOrResumeRoutes(DefaultCamelContext.java:2797)
	at org.apache.camel.impl.DefaultCamelContext.doStartCamel(DefaultCamelContext.java:2653)
	at org.apache.camel.impl.DefaultCamelContext.access$000(DefaultCamelContext.java:167)
	at org.apache.camel.impl.DefaultCamelContext$2.call(DefaultCamelContext.java:2467)
	at org.apache.camel.impl.DefaultCamelContext$2.call(DefaultCamelContext.java:2463)
	at org.apache.camel.impl.DefaultCamelContext.doWithDefinedClassLoader(DefaultCamelContext.java:2486)
	at org.apache.camel.impl.DefaultCamelContext.doStart(DefaultCamelContext.java:2463)
	at org.apache.camel.support.ServiceSupport.start(ServiceSupport.java:61)
	at org.apache.camel.impl.DefaultCamelContext.start(DefaultCamelContext.java:2432)
	at org.apache.camel.test.junit4.CamelTestSupport.startCamelContext(CamelTestSupport.java:477)
	at org.apache.camel.test.junit4.CamelTestSupport.doSetUp(CamelTestSupport.java:311)
	at org.apache.camel.test.junit4.CamelTestSupport.setUp(CamelTestSupport.java:217)
	at sun.reflect.NativeMethodAccessorImpl.invoke0(Native Method)
	at sun.reflect.NativeMethodAccessorImpl.invoke(NativeMethodAccessorImpl.java:62)
	at sun.reflect.DelegatingMethodAccessorImpl.invoke(DelegatingMethodAccessorImpl.java:43)
	at java.lang.reflect.Method.invoke(Method.java:483)
	at org.junit.runners.model.FrameworkMethod$1.runReflectiveCall(FrameworkMethod.java:50)
	at org.junit.internal.runners.model.ReflectiveCallable.run(ReflectiveCallable.java:12)
	at org.junit.runners.model.FrameworkMethod.invokeExplosively(FrameworkMethod.java:47)
	at org.junit.internal.runners.statements.RunBefores.evaluate(RunBefores.java:24)
	at org.junit.internal.runners.statements.RunAfters.evaluate(RunAfters.java:27)
	at org.junit.rules.TestWatcher$1.evaluate(TestWatcher.java:55)
	at org.junit.rules.RunRules.evaluate(RunRules.java:20)
	at org.junit.runners.ParentRunner.runLeaf(ParentRunner.java:325)
	at org.junit.runners.BlockJUnit4ClassRunner.runChild(BlockJUnit4ClassRunner.java:78)
	at org.junit.runners.BlockJUnit4ClassRunner.runChild(BlockJUnit4ClassRunner.java:57)
	at org.junit.runners.ParentRunner$3.run(ParentRunner.java:290)
	at org.junit.runners.ParentRunner$1.schedule(ParentRunner.java:71)
	at org.junit.runners.ParentRunner.runChildren(ParentRunner.java:288)
	at org.junit.runners.ParentRunner.access$000(ParentRunner.java:58)
	at org.junit.runners.ParentRunner$2.evaluate(ParentRunner.java:268)
	at org.junit.internal.runners.statements.RunAfters.evaluate(RunAfters.java:27)
	at org.junit.runners.ParentRunner.run(ParentRunner.java:363)
	at org.apache.maven.surefire.junit4.JUnit4Provider.execute(JUnit4Provider.java:252)
	at org.apache.maven.surefire.junit4.JUnit4Provider.executeTestSet(JUnit4Provider.java:141)
	at org.apache.maven.surefire.junit4.JUnit4Provider.invoke(JUnit4Provider.java:112)
	at sun.reflect.NativeMethodAccessorImpl.invoke0(Native Method)
	at sun.reflect.NativeMethodAccessorImpl.invoke(NativeMethodAccessorImpl.java:62)
	at sun.reflect.DelegatingMethodAccessorImpl.invoke(DelegatingMethodAccessorImpl.java:43)
	at java.lang.reflect.Method.invoke(Method.java:483)
	at org.apache.maven.surefire.util.ReflectionUtils.invokeMethodWithArray(ReflectionUtils.java:189)
	at org.apache.maven.surefire.booter.ProviderFactory$ProviderProxy.invoke(ProviderFactory.java:165)
	at org.apache.maven.surefire.booter.ProviderFactory.invokeProvider(ProviderFactory.java:85)
	at org.apache.maven.surefire.booter.ForkedBooter.runSuitesInProcess(ForkedBooter.java:115)
	at org.apache.maven.surefire.booter.ForkedBooter.main(ForkedBooter.java:75)

